2023/01/23 06:09:14 [notice] 1#1: using the "epoll" event method
2023/01/23 06:09:14 [notice] 1#1: nginx/1.23.3
2023/01/23 06:09:14 [notice] 1#1: built by gcc 10.2.1 20210110 (Debian 10.2.1-6) 
2023/01/23 06:09:14 [notice] 1#1: OS: Linux 5.10.124-linuxkit
2023/01/23 06:09:14 [notice] 1#1: getrlimit(RLIMIT_NOFILE): 1048576:1048576
2023/01/23 06:09:14 [notice] 1#1: start worker processes
2023/01/23 06:09:14 [notice] 1#1: start worker process 20
2023/01/23 06:09:14 [notice] 1#1: start worker process 21
2023/01/23 06:09:14 [notice] 1#1: start worker process 22
2023/01/23 06:09:14 [notice] 1#1: start worker process 23
2023/01/23 07:06:01 [notice] 22#22: signal 15 (SIGTERM) received, exiting
2023/01/23 07:06:02 [notice] 20#20: signal 15 (SIGTERM) received, exiting
2023/01/23 07:06:02 [notice] 20#20: exiting
2023/01/23 07:06:31 [notice] 1#1: using the "epoll" event method
2023/01/23 07:06:31 [notice] 1#1: nginx/1.23.3
2023/01/23 07:06:31 [notice] 1#1: built by gcc 10.2.1 20210110 (Debian 10.2.1-6) 
2023/01/23 07:06:31 [notice] 1#1: OS: Linux 5.10.124-linuxkit
2023/01/23 07:06:31 [notice] 1#1: getrlimit(RLIMIT_NOFILE): 1048576:1048576
2023/01/23 07:06:31 [notice] 1#1: start worker processes
2023/01/23 07:06:31 [notice] 1#1: start worker process 20
2023/01/23 07:06:31 [notice] 1#1: start worker process 21
2023/01/23 07:06:31 [notice] 1#1: start worker process 22
2023/01/23 07:06:31 [notice] 1#1: start worker process 23
2023/01/23 07:09:26 [notice] 1#1: signal 3 (SIGQUIT) received, shutting down
2023/01/23 07:09:27 [notice] 20#20: gracefully shutting down
2023/01/23 07:09:27 [notice] 22#22: gracefully shutting down
2023/01/23 07:09:27 [notice] 23#23: gracefully shutting down
2023/01/23 07:09:27 [notice] 23#23: exiting
2023/01/23 07:09:27 [notice] 21#21: gracefully shutting down
2023/01/23 07:09:27 [notice] 20#20: exiting
2023/01/23 07:09:27 [notice] 22#22: exiting
2023/01/23 07:09:27 [notice] 20#20: exit
2023/01/23 07:09:27 [notice] 21#21: exiting
2023/01/23 07:09:27 [notice] 23#23: exit
2023/01/23 07:09:27 [notice] 22#22: exit
2023/01/23 07:09:27 [notice] 21#21: exit
2023/01/23 07:09:27 [notice] 1#1: signal 17 (SIGCHLD) received from 22
2023/01/23 07:09:27 [notice] 1#1: worker process 20 exited with code 0
2023/01/23 07:09:27 [notice] 1#1: worker process 22 exited with code 0
2023/01/23 07:09:27 [notice] 1#1: signal 29 (SIGIO) received
2023/01/23 07:09:27 [notice] 1#1: signal 17 (SIGCHLD) received from 23
2023/01/23 07:09:27 [notice] 1#1: worker process 23 exited with code 0
2023/01/23 07:09:27 [notice] 1#1: signal 29 (SIGIO) received
2023/01/23 07:09:27 [notice] 1#1: signal 17 (SIGCHLD) received from 21
2023/01/23 07:09:27 [notice] 1#1: worker process 21 exited with code 0
2023/01/23 07:09:27 [notice] 1#1: exit
2023/01/23 07:09:38 [notice] 1#1: using the "epoll" event method
2023/01/23 07:09:38 [notice] 1#1: nginx/1.23.3
2023/01/23 07:09:38 [notice] 1#1: built by gcc 10.2.1 20210110 (Debian 10.2.1-6) 
2023/01/23 07:09:38 [notice] 1#1: OS: Linux 5.10.124-linuxkit
2023/01/23 07:09:38 [notice] 1#1: getrlimit(RLIMIT_NOFILE): 1048576:1048576
2023/01/23 07:09:38 [notice] 1#1: start worker processes
2023/01/23 07:09:38 [notice] 1#1: start worker process 20
2023/01/23 07:09:38 [notice] 1#1: start worker process 21
2023/01/23 07:09:38 [notice] 1#1: start worker process 22
2023/01/23 07:09:38 [notice] 1#1: start worker process 23
2023/01/23 07:11:13 [notice] 1#1: signal 3 (SIGQUIT) received, shutting down
2023/01/23 07:11:13 [notice] 20#20: gracefully shutting down
2023/01/23 07:11:13 [notice] 22#22: gracefully shutting down
2023/01/23 07:11:13 [notice] 21#21: gracefully shutting down
2023/01/23 07:11:13 [notice] 23#23: gracefully shutting down
2023/01/23 07:11:13 [notice] 20#20: exiting
2023/01/23 07:11:13 [notice] 22#22: exiting
2023/01/23 07:11:13 [notice] 21#21: exiting
2023/01/23 07:11:13 [notice] 23#23: exiting
2023/01/23 07:11:13 [notice] 20#20: exit
2023/01/23 07:11:13 [notice] 22#22: exit
2023/01/23 07:11:13 [notice] 21#21: exit
2023/01/23 07:11:13 [notice] 23#23: exit
2023/01/23 07:11:13 [notice] 1#1: signal 17 (SIGCHLD) received from 23
2023/01/23 07:11:13 [notice] 1#1: worker process 21 exited with code 0
2023/01/23 07:11:13 [notice] 1#1: worker process 23 exited with code 0
2023/01/23 07:11:13 [notice] 1#1: signal 29 (SIGIO) received
2023/01/23 07:11:13 [notice] 1#1: signal 17 (SIGCHLD) received from 22
2023/01/23 07:11:13 [notice] 1#1: worker process 20 exited with code 0
2023/01/23 07:11:13 [notice] 1#1: worker process 22 exited with code 0
2023/01/23 07:11:13 [notice] 1#1: exit
2023/01/23 07:11:19 [notice] 1#1: using the "epoll" event method
2023/01/23 07:11:19 [notice] 1#1: nginx/1.23.3
2023/01/23 07:11:19 [notice] 1#1: built by gcc 10.2.1 20210110 (Debian 10.2.1-6) 
2023/01/23 07:11:19 [notice] 1#1: OS: Linux 5.10.124-linuxkit
2023/01/23 07:11:19 [notice] 1#1: getrlimit(RLIMIT_NOFILE): 1048576:1048576
2023/01/23 07:11:19 [notice] 1#1: start worker processes
2023/01/23 07:11:19 [notice] 1#1: start worker process 20
2023/01/23 07:11:19 [notice] 1#1: start worker process 21
2023/01/23 07:11:19 [notice] 1#1: start worker process 22
2023/01/23 07:11:19 [notice] 1#1: start worker process 23
2023/01/23 07:13:14 [notice] 1#1: signal 3 (SIGQUIT) received, shutting down
2023/01/23 07:13:14 [notice] 20#20: gracefully shutting down
2023/01/23 07:13:14 [notice] 21#21: gracefully shutting down
2023/01/23 07:13:14 [notice] 22#22: gracefully shutting down
2023/01/23 07:13:14 [notice] 23#23: gracefully shutting down
2023/01/23 07:13:14 [notice] 20#20: exiting
2023/01/23 07:13:14 [notice] 21#21: exiting
2023/01/23 07:13:14 [notice] 20#20: exit
2023/01/23 07:13:14 [notice] 22#22: exiting
2023/01/23 07:13:14 [notice] 23#23: exiting
2023/01/23 07:13:14 [notice] 21#21: exit
2023/01/23 07:13:14 [notice] 22#22: exit
2023/01/23 07:13:14 [notice] 23#23: exit
2023/01/23 07:13:14 [notice] 1#1: signal 17 (SIGCHLD) received from 20
2023/01/23 07:13:14 [notice] 1#1: worker process 20 exited with code 0
2023/01/23 07:13:14 [notice] 1#1: signal 29 (SIGIO) received
2023/01/23 07:13:14 [notice] 1#1: signal 17 (SIGCHLD) received from 22
2023/01/23 07:13:14 [notice] 1#1: worker process 22 exited with code 0
2023/01/23 07:13:14 [notice] 1#1: signal 29 (SIGIO) received
2023/01/23 07:13:14 [notice] 1#1: signal 17 (SIGCHLD) received from 21
2023/01/23 07:13:14 [notice] 1#1: worker process 21 exited with code 0
2023/01/23 07:13:14 [notice] 1#1: worker process 23 exited with code 0
2023/01/23 07:13:14 [notice] 1#1: exit
2023/01/23 07:13:24 [notice] 1#1: using the "epoll" event method
2023/01/23 07:13:24 [notice] 1#1: nginx/1.23.3
2023/01/23 07:13:24 [notice] 1#1: built by gcc 10.2.1 20210110 (Debian 10.2.1-6) 
2023/01/23 07:13:24 [notice] 1#1: OS: Linux 5.10.124-linuxkit
2023/01/23 07:13:24 [notice] 1#1: getrlimit(RLIMIT_NOFILE): 1048576:1048576
2023/01/23 07:13:24 [notice] 1#1: start worker processes
2023/01/23 07:13:24 [notice] 1#1: start worker process 20
2023/01/23 07:13:24 [notice] 1#1: start worker process 21
2023/01/23 07:13:24 [notice] 1#1: start worker process 22
2023/01/23 07:13:24 [notice] 1#1: start worker process 23
2023/01/23 07:33:25 [notice] 1#1: signal 3 (SIGQUIT) received, shutting down
2023/01/23 07:33:25 [notice] 21#21: gracefully shutting down
2023/01/23 07:33:25 [notice] 20#20: gracefully shutting down
2023/01/23 07:33:25 [notice] 22#22: gracefully shutting down
2023/01/23 07:33:25 [notice] 23#23: gracefully shutting down
2023/01/23 07:33:25 [notice] 21#21: exiting
2023/01/23 07:33:25 [notice] 20#20: exiting
2023/01/23 07:33:25 [notice] 22#22: exiting
2023/01/23 07:33:25 [notice] 23#23: exiting
2023/01/23 07:33:25 [notice] 23#23: exit
2023/01/23 07:33:25 [notice] 21#21: exit
2023/01/23 07:33:25 [notice] 20#20: exit
2023/01/23 07:33:25 [notice] 22#22: exit
2023/01/23 07:33:25 [notice] 1#1: signal 17 (SIGCHLD) received from 23
2023/01/23 07:33:25 [notice] 1#1: worker process 20 exited with code 0
2023/01/23 07:33:25 [notice] 1#1: worker process 23 exited with code 0
2023/01/23 07:33:25 [notice] 1#1: signal 29 (SIGIO) received
2023/01/23 07:33:25 [notice] 1#1: signal 17 (SIGCHLD) received from 21
2023/01/23 07:33:25 [notice] 1#1: worker process 21 exited with code 0
2023/01/23 07:33:25 [notice] 1#1: worker process 22 exited with code 0
2023/01/23 07:33:25 [notice] 1#1: exit
2023/01/23 07:33:33 [notice] 1#1: using the "epoll" event method
2023/01/23 07:33:33 [notice] 1#1: nginx/1.23.3
2023/01/23 07:33:33 [notice] 1#1: built by gcc 10.2.1 20210110 (Debian 10.2.1-6) 
2023/01/23 07:33:33 [notice] 1#1: OS: Linux 5.10.124-linuxkit
2023/01/23 07:33:33 [notice] 1#1: getrlimit(RLIMIT_NOFILE): 1048576:1048576
2023/01/23 07:33:33 [notice] 1#1: start worker processes
2023/01/23 07:33:33 [notice] 1#1: start worker process 20
2023/01/23 07:33:33 [notice] 1#1: start worker process 21
2023/01/23 07:33:33 [notice] 1#1: start worker process 22
2023/01/23 07:33:33 [notice] 1#1: start worker process 23
2023/01/23 10:28:53 [notice] 1#1: signal 3 (SIGQUIT) received, shutting down
2023/01/23 10:28:53 [notice] 22#22: gracefully shutting down
2023/01/23 10:28:53 [notice] 23#23: gracefully shutting down
2023/01/23 10:28:53 [notice] 21#21: gracefully shutting down
2023/01/23 10:28:53 [notice] 20#20: gracefully shutting down
2023/01/23 10:28:53 [notice] 22#22: exiting
2023/01/23 10:28:53 [notice] 21#21: exiting
2023/01/23 10:28:53 [notice] 20#20: exiting
2023/01/23 10:28:53 [notice] 22#22: exit
2023/01/23 10:28:53 [notice] 23#23: exiting
2023/01/23 10:28:53 [notice] 21#21: exit
2023/01/23 10:28:53 [notice] 20#20: exit
2023/01/23 10:28:53 [notice] 23#23: exit
2023/01/23 10:28:53 [notice] 1#1: signal 17 (SIGCHLD) received from 23
2023/01/23 10:28:53 [notice] 1#1: worker process 21 exited with code 0
2023/01/23 10:28:53 [notice] 1#1: worker process 20 exited with code 0
2023/01/23 10:28:53 [notice] 1#1: worker process 23 exited with code 0
2023/01/23 10:28:53 [notice] 1#1: worker process 22 exited with code 0
2023/01/23 10:28:53 [notice] 1#1: exit
2023/01/23 10:29:01 [notice] 1#1: using the "epoll" event method
2023/01/23 10:29:01 [notice] 1#1: nginx/1.23.3
2023/01/23 10:29:01 [notice] 1#1: built by gcc 10.2.1 20210110 (Debian 10.2.1-6) 
2023/01/23 10:29:01 [notice] 1#1: OS: Linux 5.10.124-linuxkit
2023/01/23 10:29:01 [notice] 1#1: getrlimit(RLIMIT_NOFILE): 1048576:1048576
2023/01/23 10:29:01 [notice] 1#1: start worker processes
2023/01/23 10:29:01 [notice] 1#1: start worker process 20
2023/01/23 10:29:01 [notice] 1#1: start worker process 21
2023/01/23 10:29:01 [notice] 1#1: start worker process 22
2023/01/23 10:29:01 [notice] 1#1: start worker process 23
2023/01/23 10:29:55 [notice] 1#1: signal 3 (SIGQUIT) received, shutting down
2023/01/23 10:29:55 [notice] 20#20: gracefully shutting down
2023/01/23 10:29:55 [notice] 23#23: gracefully shutting down
2023/01/23 10:29:55 [notice] 21#21: gracefully shutting down
2023/01/23 10:29:55 [notice] 22#22: gracefully shutting down
2023/01/23 10:29:55 [notice] 22#22: exiting
2023/01/23 10:29:55 [notice] 20#20: exiting
2023/01/23 10:29:55 [notice] 23#23: exiting
2023/01/23 10:29:55 [notice] 21#21: exiting
2023/01/23 10:29:55 [notice] 22#22: exit
2023/01/23 10:29:55 [notice] 20#20: exit
2023/01/23 10:29:55 [notice] 23#23: exit
2023/01/23 10:29:55 [notice] 21#21: exit
2023/01/23 10:29:55 [notice] 1#1: signal 17 (SIGCHLD) received from 20
2023/01/23 10:29:55 [notice] 1#1: worker process 20 exited with code 0
2023/01/23 10:29:55 [notice] 1#1: signal 29 (SIGIO) received
2023/01/23 10:29:55 [notice] 1#1: signal 17 (SIGCHLD) received from 22
2023/01/23 10:29:55 [notice] 1#1: worker process 22 exited with code 0
2023/01/23 10:29:55 [notice] 1#1: worker process 23 exited with code 0
2023/01/23 10:29:55 [notice] 1#1: signal 29 (SIGIO) received
2023/01/23 10:29:55 [notice] 1#1: signal 17 (SIGCHLD) received from 21
2023/01/23 10:29:55 [notice] 1#1: worker process 21 exited with code 0
2023/01/23 10:29:55 [notice] 1#1: exit
2023/01/23 10:30:29 [notice] 1#1: using the "epoll" event method
2023/01/23 10:30:29 [notice] 1#1: nginx/1.23.3
2023/01/23 10:30:29 [notice] 1#1: built by gcc 10.2.1 20210110 (Debian 10.2.1-6) 
2023/01/23 10:30:29 [notice] 1#1: OS: Linux 5.10.124-linuxkit
2023/01/23 10:30:29 [notice] 1#1: getrlimit(RLIMIT_NOFILE): 1048576:1048576
2023/01/23 10:30:29 [notice] 1#1: start worker processes
2023/01/23 10:30:29 [notice] 1#1: start worker process 20
2023/01/23 10:30:29 [notice] 1#1: start worker process 21
2023/01/23 10:30:29 [notice] 1#1: start worker process 22
2023/01/23 10:30:29 [notice] 1#1: start worker process 23
2023/01/23 11:11:44 [notice] 1#1: signal 3 (SIGQUIT) received, shutting down
2023/01/23 11:11:44 [notice] 20#20: gracefully shutting down
2023/01/23 11:11:44 [notice] 21#21: gracefully shutting down
2023/01/23 11:11:44 [notice] 22#22: gracefully shutting down
2023/01/23 11:11:44 [notice] 23#23: gracefully shutting down
2023/01/23 11:11:44 [notice] 20#20: exiting
2023/01/23 11:11:44 [notice] 21#21: exiting
2023/01/23 11:11:44 [notice] 22#22: exiting
2023/01/23 11:11:44 [notice] 23#23: exiting
2023/01/23 11:11:44 [notice] 20#20: exit
2023/01/23 11:11:44 [notice] 21#21: exit
2023/01/23 11:11:44 [notice] 23#23: exit
2023/01/23 11:11:44 [notice] 22#22: exit
2023/01/23 11:11:44 [notice] 1#1: signal 17 (SIGCHLD) received from 20
2023/01/23 11:11:44 [notice] 1#1: worker process 20 exited with code 0
2023/01/23 11:11:44 [notice] 1#1: worker process 21 exited with code 0
2023/01/23 11:11:44 [notice] 1#1: signal 29 (SIGIO) received
2023/01/23 11:11:44 [notice] 1#1: signal 17 (SIGCHLD) received from 23
2023/01/23 11:11:44 [notice] 1#1: worker process 23 exited with code 0
2023/01/23 11:11:44 [notice] 1#1: signal 29 (SIGIO) received
2023/01/23 11:11:44 [notice] 1#1: signal 17 (SIGCHLD) received from 22
2023/01/23 11:11:44 [notice] 1#1: worker process 22 exited with code 0
2023/01/23 11:11:44 [notice] 1#1: exit
2023/01/23 11:11:57 [notice] 1#1: using the "epoll" event method
2023/01/23 11:11:57 [notice] 1#1: nginx/1.23.3
2023/01/23 11:11:57 [notice] 1#1: built by gcc 10.2.1 20210110 (Debian 10.2.1-6) 
2023/01/23 11:11:57 [notice] 1#1: OS: Linux 5.10.124-linuxkit
2023/01/23 11:11:57 [notice] 1#1: getrlimit(RLIMIT_NOFILE): 1048576:1048576
2023/01/23 11:11:57 [notice] 1#1: start worker processes
2023/01/23 11:11:57 [notice] 1#1: start worker process 20
2023/01/23 11:11:57 [notice] 1#1: start worker process 21
2023/01/23 11:11:57 [notice] 1#1: start worker process 22
2023/01/23 11:11:57 [notice] 1#1: start worker process 23
2023/01/23 11:30:04 [notice] 1#1: signal 3 (SIGQUIT) received, shutting down
2023/01/23 11:30:04 [notice] 20#20: gracefully shutting down
2023/01/23 11:30:04 [notice] 21#21: gracefully shutting down
2023/01/23 11:30:04 [notice] 23#23: gracefully shutting down
2023/01/23 11:30:04 [notice] 22#22: gracefully shutting down
2023/01/23 11:30:04 [notice] 20#20: exiting
2023/01/23 11:30:04 [notice] 21#21: exiting
2023/01/23 11:30:04 [notice] 23#23: exiting
2023/01/23 11:30:04 [notice] 22#22: exiting
2023/01/23 11:30:04 [notice] 21#21: exit
2023/01/23 11:30:04 [notice] 20#20: exit
2023/01/23 11:30:04 [notice] 22#22: exit
2023/01/23 11:30:04 [notice] 23#23: exit
2023/01/23 11:30:04 [notice] 1#1: signal 17 (SIGCHLD) received from 20
2023/01/23 11:30:04 [notice] 1#1: worker process 20 exited with code 0
2023/01/23 11:30:04 [notice] 1#1: signal 29 (SIGIO) received
2023/01/23 11:30:04 [notice] 1#1: signal 17 (SIGCHLD) received from 22
2023/01/23 11:30:04 [notice] 1#1: worker process 22 exited with code 0
2023/01/23 11:30:04 [notice] 1#1: signal 29 (SIGIO) received
2023/01/23 11:30:04 [notice] 1#1: signal 17 (SIGCHLD) received from 21
2023/01/23 11:30:04 [notice] 1#1: worker process 21 exited with code 0
2023/01/23 11:30:04 [notice] 1#1: signal 29 (SIGIO) received
2023/01/23 11:30:04 [notice] 1#1: signal 17 (SIGCHLD) received from 23
2023/01/23 11:30:04 [notice] 1#1: worker process 23 exited with code 0
2023/01/23 11:30:04 [notice] 1#1: exit
2023/01/23 11:30:18 [notice] 1#1: using the "epoll" event method
2023/01/23 11:30:18 [notice] 1#1: nginx/1.23.3
2023/01/23 11:30:18 [notice] 1#1: built by gcc 10.2.1 20210110 (Debian 10.2.1-6) 
2023/01/23 11:30:18 [notice] 1#1: OS: Linux 5.10.124-linuxkit
2023/01/23 11:30:18 [notice] 1#1: getrlimit(RLIMIT_NOFILE): 1048576:1048576
2023/01/23 11:30:18 [notice] 1#1: start worker processes
2023/01/23 11:30:18 [notice] 1#1: start worker process 20
2023/01/23 11:30:18 [notice] 1#1: start worker process 21
2023/01/23 11:30:18 [notice] 1#1: start worker process 22
2023/01/23 11:30:18 [notice] 1#1: start worker process 23
2023/01/23 11:38:36 [notice] 1#1: signal 3 (SIGQUIT) received, shutting down
2023/01/23 11:38:36 [notice] 20#20: gracefully shutting down
2023/01/23 11:38:36 [notice] 21#21: gracefully shutting down
2023/01/23 11:38:36 [notice] 22#22: gracefully shutting down
2023/01/23 11:38:36 [notice] 23#23: gracefully shutting down
2023/01/23 11:38:36 [notice] 20#20: exiting
2023/01/23 11:38:36 [notice] 21#21: exiting
2023/01/23 11:38:36 [notice] 22#22: exiting
2023/01/23 11:38:36 [notice] 23#23: exiting
2023/01/23 11:38:36 [notice] 20#20: exit
2023/01/23 11:38:36 [notice] 21#21: exit
2023/01/23 11:38:36 [notice] 22#22: exit
2023/01/23 11:38:36 [notice] 23#23: exit
2023/01/23 11:38:36 [notice] 1#1: signal 17 (SIGCHLD) received from 20
2023/01/23 11:38:36 [notice] 1#1: worker process 20 exited with code 0
2023/01/23 11:38:36 [notice] 1#1: signal 29 (SIGIO) received
2023/01/23 11:38:36 [notice] 1#1: signal 17 (SIGCHLD) received from 21
2023/01/23 11:38:36 [notice] 1#1: worker process 21 exited with code 0
2023/01/23 11:38:36 [notice] 1#1: worker process 22 exited with code 0
2023/01/23 11:38:36 [notice] 1#1: worker process 23 exited with code 0
2023/01/23 11:38:36 [notice] 1#1: exit
2023/01/23 11:39:01 [notice] 1#1: using the "epoll" event method
2023/01/23 11:39:01 [notice] 1#1: nginx/1.23.3
2023/01/23 11:39:01 [notice] 1#1: built by gcc 10.2.1 20210110 (Debian 10.2.1-6) 
2023/01/23 11:39:01 [notice] 1#1: OS: Linux 5.10.124-linuxkit
2023/01/23 11:39:01 [notice] 1#1: getrlimit(RLIMIT_NOFILE): 1048576:1048576
2023/01/23 11:39:01 [notice] 1#1: start worker processes
2023/01/23 11:39:01 [notice] 1#1: start worker process 20
2023/01/23 11:39:01 [notice] 1#1: start worker process 21
2023/01/23 11:39:01 [notice] 1#1: start worker process 22
2023/01/23 11:39:01 [notice] 1#1: start worker process 23
2023/01/23 14:33:51 [notice] 1#1: signal 3 (SIGQUIT) received, shutting down
2023/01/23 14:33:51 [notice] 23#23: gracefully shutting down
2023/01/23 14:33:51 [notice] 20#20: gracefully shutting down
2023/01/23 14:33:51 [notice] 21#21: gracefully shutting down
2023/01/23 14:33:51 [notice] 21#21: exiting
2023/01/23 14:33:51 [notice] 22#22: gracefully shutting down
2023/01/23 14:33:51 [notice] 23#23: exiting
2023/01/23 14:33:51 [notice] 20#20: exiting
2023/01/23 14:33:51 [notice] 23#23: exit
2023/01/23 14:33:51 [notice] 22#22: exiting
2023/01/23 14:33:51 [notice] 21#21: exit
2023/01/23 14:33:51 [notice] 22#22: exit
2023/01/23 14:33:51 [notice] 20#20: exit
2023/01/23 14:33:51 [notice] 1#1: signal 17 (SIGCHLD) received from 21
2023/01/23 14:33:51 [notice] 1#1: worker process 21 exited with code 0
2023/01/23 14:33:51 [notice] 1#1: worker process 22 exited with code 0
2023/01/23 14:33:51 [notice] 1#1: worker process 23 exited with code 0
2023/01/23 14:33:51 [notice] 1#1: signal 29 (SIGIO) received
2023/01/23 14:33:51 [notice] 1#1: signal 17 (SIGCHLD) received from 22
2023/01/23 14:33:51 [notice] 1#1: worker process 20 exited with code 0
2023/01/23 14:33:51 [notice] 1#1: exit
2023/01/23 14:40:17 [notice] 1#1: using the "epoll" event method
2023/01/23 14:40:17 [notice] 1#1: nginx/1.23.3
2023/01/23 14:40:17 [notice] 1#1: built by gcc 10.2.1 20210110 (Debian 10.2.1-6) 
2023/01/23 14:40:17 [notice] 1#1: OS: Linux 5.10.124-linuxkit
2023/01/23 14:40:17 [notice] 1#1: getrlimit(RLIMIT_NOFILE): 1048576:1048576
2023/01/23 14:40:17 [notice] 1#1: start worker processes
2023/01/23 14:40:17 [notice] 1#1: start worker process 20
2023/01/23 14:40:17 [notice] 1#1: start worker process 21
2023/01/23 14:40:17 [notice] 1#1: start worker process 22
2023/01/23 14:40:17 [notice] 1#1: start worker process 23
2023/01/23 14:41:42 [notice] 1#1: signal 3 (SIGQUIT) received, shutting down
2023/01/23 14:41:42 [notice] 23#23: gracefully shutting down
2023/01/23 14:41:42 [notice] 23#23: exiting
2023/01/23 14:41:42 [notice] 21#21: gracefully shutting down
2023/01/23 14:41:42 [notice] 20#20: gracefully shutting down
2023/01/23 14:41:42 [notice] 22#22: gracefully shutting down
2023/01/23 14:41:42 [notice] 22#22: exiting
2023/01/23 14:41:42 [notice] 23#23: exit
2023/01/23 14:41:42 [notice] 21#21: exiting
2023/01/23 14:41:42 [notice] 20#20: exiting
2023/01/23 14:41:42 [notice] 22#22: exit
2023/01/23 14:41:42 [notice] 21#21: exit
2023/01/23 14:41:42 [notice] 20#20: exit
2023/01/23 14:41:42 [notice] 1#1: signal 17 (SIGCHLD) received from 23
2023/01/23 14:41:42 [notice] 1#1: worker process 23 exited with code 0
2023/01/23 14:41:42 [notice] 1#1: signal 17 (SIGCHLD) received from 21
2023/01/23 14:41:42 [notice] 1#1: worker process 20 exited with code 0
2023/01/23 14:41:42 [notice] 1#1: worker process 21 exited with code 0
2023/01/23 14:41:42 [notice] 1#1: worker process 22 exited with code 0
2023/01/23 14:41:42 [notice] 1#1: signal 17 (SIGCHLD) received from 20
2023/01/23 14:41:42 [notice] 1#1: signal 29 (SIGIO) received
2023/01/23 14:41:42 [notice] 1#1: exit
2023/01/23 14:42:42 [notice] 1#1: using the "epoll" event method
2023/01/23 14:42:42 [notice] 1#1: nginx/1.23.3
2023/01/23 14:42:42 [notice] 1#1: built by gcc 10.2.1 20210110 (Debian 10.2.1-6) 
2023/01/23 14:42:42 [notice] 1#1: OS: Linux 5.10.124-linuxkit
2023/01/23 14:42:42 [notice] 1#1: getrlimit(RLIMIT_NOFILE): 1048576:1048576
2023/01/23 14:42:42 [notice] 1#1: start worker processes
2023/01/23 14:42:42 [notice] 1#1: start worker process 20
2023/01/23 14:42:42 [notice] 1#1: start worker process 21
2023/01/23 14:42:42 [notice] 1#1: start worker process 22
2023/01/23 14:42:42 [notice] 1#1: start worker process 23
2023/01/23 14:56:41 [notice] 1#1: signal 3 (SIGQUIT) received, shutting down
2023/01/23 14:56:41 [notice] 20#20: gracefully shutting down
2023/01/23 14:56:41 [notice] 21#21: gracefully shutting down
2023/01/23 14:56:41 [notice] 20#20: exiting
2023/01/23 14:56:41 [notice] 22#22: gracefully shutting down
2023/01/23 14:56:41 [notice] 22#22: exiting
2023/01/23 14:56:41 [notice] 23#23: gracefully shutting down
2023/01/23 14:56:41 [notice] 23#23: exiting
2023/01/23 14:56:41 [notice] 21#21: exiting
2023/01/23 14:56:41 [notice] 20#20: exit
2023/01/23 14:56:41 [notice] 22#22: exit
2023/01/23 14:56:41 [notice] 23#23: exit
2023/01/23 14:56:41 [notice] 21#21: exit
2023/01/23 14:56:41 [notice] 1#1: signal 17 (SIGCHLD) received from 22
2023/01/23 14:56:41 [notice] 1#1: worker process 20 exited with code 0
2023/01/23 14:56:41 [notice] 1#1: worker process 22 exited with code 0
2023/01/23 14:56:41 [notice] 1#1: signal 29 (SIGIO) received
2023/01/23 14:56:41 [notice] 1#1: signal 17 (SIGCHLD) received from 21
2023/01/23 14:56:41 [notice] 1#1: worker process 21 exited with code 0
2023/01/23 14:56:41 [notice] 1#1: signal 29 (SIGIO) received
2023/01/23 14:56:41 [notice] 1#1: signal 17 (SIGCHLD) received from 23
2023/01/23 14:56:41 [notice] 1#1: worker process 23 exited with code 0
2023/01/23 14:56:41 [notice] 1#1: exit
2023/01/23 14:56:43 [notice] 1#1: using the "epoll" event method
2023/01/23 14:56:43 [notice] 1#1: nginx/1.23.3
2023/01/23 14:56:43 [notice] 1#1: built by gcc 10.2.1 20210110 (Debian 10.2.1-6) 
2023/01/23 14:56:43 [notice] 1#1: OS: Linux 5.10.124-linuxkit
2023/01/23 14:56:43 [notice] 1#1: getrlimit(RLIMIT_NOFILE): 1048576:1048576
2023/01/23 14:56:43 [notice] 1#1: start worker processes
2023/01/23 14:56:43 [notice] 1#1: start worker process 20
2023/01/23 14:56:43 [notice] 1#1: start worker process 21
2023/01/23 14:56:43 [notice] 1#1: start worker process 22
2023/01/23 14:56:43 [notice] 1#1: start worker process 23
2023/01/23 15:05:31 [notice] 1#1: signal 3 (SIGQUIT) received, shutting down
2023/01/23 15:05:31 [notice] 20#20: gracefully shutting down
2023/01/23 15:05:31 [notice] 20#20: exiting
2023/01/23 15:05:31 [notice] 22#22: gracefully shutting down
2023/01/23 15:05:31 [notice] 21#21: gracefully shutting down
2023/01/23 15:05:31 [notice] 23#23: gracefully shutting down
2023/01/23 15:05:31 [notice] 20#20: exit
2023/01/23 15:05:31 [notice] 22#22: exiting
2023/01/23 15:05:31 [notice] 21#21: exiting
2023/01/23 15:05:31 [notice] 23#23: exiting
2023/01/23 15:05:31 [notice] 22#22: exit
2023/01/23 15:05:31 [notice] 21#21: exit
2023/01/23 15:05:31 [notice] 23#23: exit
2023/01/23 15:05:31 [notice] 1#1: signal 17 (SIGCHLD) received from 20
2023/01/23 15:05:31 [notice] 1#1: worker process 20 exited with code 0
2023/01/23 15:05:31 [notice] 1#1: signal 29 (SIGIO) received
2023/01/23 15:05:31 [notice] 1#1: signal 17 (SIGCHLD) received from 21
2023/01/23 15:05:31 [notice] 1#1: worker process 21 exited with code 0
2023/01/23 15:05:31 [notice] 1#1: worker process 22 exited with code 0
2023/01/23 15:05:31 [notice] 1#1: signal 29 (SIGIO) received
2023/01/23 15:05:31 [notice] 1#1: signal 17 (SIGCHLD) received from 22
2023/01/23 15:05:31 [notice] 1#1: signal 17 (SIGCHLD) received from 23
2023/01/23 15:05:31 [notice] 1#1: worker process 23 exited with code 0
2023/01/23 15:05:31 [notice] 1#1: exit
2023/01/23 15:07:10 [notice] 1#1: using the "epoll" event method
2023/01/23 15:07:10 [notice] 1#1: nginx/1.23.3
2023/01/23 15:07:10 [notice] 1#1: built by gcc 10.2.1 20210110 (Debian 10.2.1-6) 
2023/01/23 15:07:10 [notice] 1#1: OS: Linux 5.10.124-linuxkit
2023/01/23 15:07:10 [notice] 1#1: getrlimit(RLIMIT_NOFILE): 1048576:1048576
2023/01/23 15:07:10 [notice] 1#1: start worker processes
2023/01/23 15:07:10 [notice] 1#1: start worker process 20
2023/01/23 15:07:10 [notice] 1#1: start worker process 21
2023/01/23 15:07:10 [notice] 1#1: start worker process 22
2023/01/23 15:07:10 [notice] 1#1: start worker process 23
2023/01/23 15:32:20 [notice] 1#1: signal 3 (SIGQUIT) received, shutting down
2023/01/23 15:32:20 [notice] 20#20: gracefully shutting down
2023/01/23 15:32:20 [notice] 20#20: exiting
2023/01/23 15:32:20 [notice] 22#22: gracefully shutting down
2023/01/23 15:32:20 [notice] 21#21: gracefully shutting down
2023/01/23 15:32:20 [notice] 23#23: gracefully shutting down
2023/01/23 15:32:20 [notice] 20#20: exit
2023/01/23 15:32:20 [notice] 22#22: exiting
2023/01/23 15:32:20 [notice] 22#22: exit
2023/01/23 15:32:20 [notice] 21#21: exiting
2023/01/23 15:32:20 [notice] 23#23: exiting
2023/01/23 15:32:20 [notice] 21#21: exit
2023/01/23 15:32:20 [notice] 23#23: exit
2023/01/23 15:32:20 [notice] 1#1: signal 17 (SIGCHLD) received from 20
2023/01/23 15:32:20 [notice] 1#1: worker process 20 exited with code 0
2023/01/23 15:32:20 [notice] 1#1: signal 29 (SIGIO) received
2023/01/23 15:32:20 [notice] 1#1: signal 17 (SIGCHLD) received from 21
2023/01/23 15:32:20 [notice] 1#1: worker process 21 exited with code 0
2023/01/23 15:32:20 [notice] 1#1: signal 29 (SIGIO) received
2023/01/23 15:32:20 [notice] 1#1: signal 17 (SIGCHLD) received from 23
2023/01/23 15:32:20 [notice] 1#1: worker process 22 exited with code 0
2023/01/23 15:32:20 [notice] 1#1: worker process 23 exited with code 0
2023/01/23 15:32:20 [notice] 1#1: exit
2023/01/23 16:22:14 [notice] 1#1: using the "epoll" event method
2023/01/23 16:22:14 [notice] 1#1: nginx/1.23.3
2023/01/23 16:22:14 [notice] 1#1: built by gcc 10.2.1 20210110 (Debian 10.2.1-6) 
2023/01/23 16:22:14 [notice] 1#1: OS: Linux 5.10.124-linuxkit
2023/01/23 16:22:14 [notice] 1#1: getrlimit(RLIMIT_NOFILE): 1048576:1048576
2023/01/23 16:22:14 [notice] 1#1: start worker processes
2023/01/23 16:22:14 [notice] 1#1: start worker process 20
2023/01/23 16:22:14 [notice] 1#1: start worker process 21
2023/01/23 16:22:14 [notice] 1#1: start worker process 22
2023/01/23 16:22:14 [notice] 1#1: start worker process 23
2023/01/23 16:23:14 [notice] 1#1: signal 3 (SIGQUIT) received, shutting down
2023/01/23 16:23:14 [notice] 22#22: gracefully shutting down
2023/01/23 16:23:14 [notice] 22#22: exiting
2023/01/23 16:23:14 [notice] 21#21: gracefully shutting down
2023/01/23 16:23:14 [notice] 21#21: exiting
2023/01/23 16:23:14 [notice] 20#20: gracefully shutting down
2023/01/23 16:23:14 [notice] 20#20: exiting
2023/01/23 16:23:14 [notice] 23#23: gracefully shutting down
2023/01/23 16:23:14 [notice] 23#23: exiting
2023/01/23 16:23:14 [notice] 22#22: exit
2023/01/23 16:23:14 [notice] 21#21: exit
2023/01/23 16:23:14 [notice] 20#20: exit
2023/01/23 16:23:14 [notice] 23#23: exit
2023/01/23 16:23:14 [notice] 1#1: signal 17 (SIGCHLD) received from 23
2023/01/23 16:23:14 [notice] 1#1: worker process 22 exited with code 0
2023/01/23 16:23:14 [notice] 1#1: worker process 23 exited with code 0
2023/01/23 16:23:14 [notice] 1#1: signal 29 (SIGIO) received
2023/01/23 16:23:14 [notice] 1#1: signal 17 (SIGCHLD) received from 20
2023/01/23 16:23:14 [notice] 1#1: worker process 20 exited with code 0
2023/01/23 16:23:14 [notice] 1#1: worker process 21 exited with code 0
2023/01/23 16:23:14 [notice] 1#1: exit
2023/01/23 16:23:46 [notice] 1#1: using the "epoll" event method
2023/01/23 16:23:46 [notice] 1#1: nginx/1.23.3
2023/01/23 16:23:46 [notice] 1#1: built by gcc 10.2.1 20210110 (Debian 10.2.1-6) 
2023/01/23 16:23:46 [notice] 1#1: OS: Linux 5.10.124-linuxkit
2023/01/23 16:23:46 [notice] 1#1: getrlimit(RLIMIT_NOFILE): 1048576:1048576
2023/01/23 16:23:46 [notice] 1#1: start worker processes
2023/01/23 16:23:46 [notice] 1#1: start worker process 20
2023/01/23 16:23:46 [notice] 1#1: start worker process 21
2023/01/23 16:23:46 [notice] 1#1: start worker process 22
2023/01/23 16:23:46 [notice] 1#1: start worker process 23
2023/01/23 16:31:06 [notice] 1#1: signal 3 (SIGQUIT) received, shutting down
2023/01/23 16:31:06 [notice] 20#20: gracefully shutting down
2023/01/23 16:31:06 [notice] 22#22: gracefully shutting down
2023/01/23 16:31:06 [notice] 22#22: exiting
2023/01/23 16:31:06 [notice] 21#21: gracefully shutting down
2023/01/23 16:31:06 [notice] 21#21: exiting
2023/01/23 16:31:06 [notice] 23#23: gracefully shutting down
2023/01/23 16:31:06 [notice] 23#23: exiting
2023/01/23 16:31:06 [notice] 20#20: exiting
2023/01/23 16:31:06 [notice] 22#22: exit
2023/01/23 16:31:06 [notice] 21#21: exit
2023/01/23 16:31:06 [notice] 23#23: exit
2023/01/23 16:31:06 [notice] 20#20: exit
2023/01/23 16:31:06 [notice] 1#1: signal 17 (SIGCHLD) received from 21
2023/01/23 16:31:06 [notice] 1#1: worker process 21 exited with code 0
2023/01/23 16:31:06 [notice] 1#1: worker process 23 exited with code 0
2023/01/23 16:31:06 [notice] 1#1: signal 29 (SIGIO) received
2023/01/23 16:31:06 [notice] 1#1: signal 17 (SIGCHLD) received from 22
2023/01/23 16:31:06 [notice] 1#1: worker process 20 exited with code 0
2023/01/23 16:31:06 [notice] 1#1: worker process 22 exited with code 0
2023/01/23 16:31:06 [notice] 1#1: exit
2023/01/23 16:36:37 [notice] 1#1: using the "epoll" event method
2023/01/23 16:36:37 [notice] 1#1: nginx/1.23.3
2023/01/23 16:36:37 [notice] 1#1: built by gcc 10.2.1 20210110 (Debian 10.2.1-6) 
2023/01/23 16:36:37 [notice] 1#1: OS: Linux 5.10.124-linuxkit
2023/01/23 16:36:37 [notice] 1#1: getrlimit(RLIMIT_NOFILE): 1048576:1048576
2023/01/23 16:36:37 [notice] 1#1: start worker processes
2023/01/23 16:36:37 [notice] 1#1: start worker process 20
2023/01/23 16:36:37 [notice] 1#1: start worker process 21
2023/01/23 16:36:37 [notice] 1#1: start worker process 22
2023/01/23 16:36:37 [notice] 1#1: start worker process 23
2023/01/23 17:39:09 [notice] 1#1: signal 3 (SIGQUIT) received, shutting down
2023/01/23 17:39:09 [notice] 23#23: gracefully shutting down
2023/01/23 17:39:09 [notice] 22#22: gracefully shutting down
2023/01/23 17:39:09 [notice] 21#21: gracefully shutting down
2023/01/23 17:39:09 [notice] 20#20: gracefully shutting down
2023/01/23 17:39:09 [notice] 23#23: exiting
2023/01/23 17:39:09 [notice] 22#22: exiting
2023/01/23 17:39:09 [notice] 21#21: exiting
2023/01/23 17:39:09 [notice] 20#20: exiting
2023/01/23 17:39:09 [notice] 23#23: exit
2023/01/23 17:39:09 [notice] 20#20: exit
2023/01/23 17:39:09 [notice] 22#22: exit
2023/01/23 17:39:09 [notice] 21#21: exit
2023/01/23 17:39:09 [notice] 1#1: signal 17 (SIGCHLD) received from 22
2023/01/23 17:39:09 [notice] 1#1: worker process 22 exited with code 0
2023/01/23 17:39:09 [notice] 1#1: worker process 21 exited with code 0
2023/01/23 17:39:09 [notice] 1#1: worker process 20 exited with code 0
2023/01/23 17:39:09 [notice] 1#1: worker process 23 exited with code 0
2023/01/23 17:39:09 [notice] 1#1: exit
2023/01/24 03:43:18 [notice] 1#1: using the "epoll" event method
2023/01/24 03:43:18 [notice] 1#1: nginx/1.23.3
2023/01/24 03:43:18 [notice] 1#1: built by gcc 10.2.1 20210110 (Debian 10.2.1-6) 
2023/01/24 03:43:18 [notice] 1#1: OS: Linux 5.10.124-linuxkit
2023/01/24 03:43:18 [notice] 1#1: getrlimit(RLIMIT_NOFILE): 1048576:1048576
2023/01/24 03:43:18 [notice] 1#1: start worker processes
2023/01/24 03:43:18 [notice] 1#1: start worker process 20
2023/01/24 03:43:18 [notice] 1#1: start worker process 21
2023/01/24 03:43:18 [notice] 1#1: start worker process 22
2023/01/24 03:43:18 [notice] 1#1: start worker process 23
2023/01/24 04:07:02 [notice] 1#1: signal 3 (SIGQUIT) received, shutting down
2023/01/24 04:07:02 [notice] 22#22: gracefully shutting down
2023/01/24 04:07:02 [notice] 22#22: exiting
2023/01/24 04:07:02 [notice] 21#21: gracefully shutting down
2023/01/24 04:07:02 [notice] 20#20: gracefully shutting down
2023/01/24 04:07:02 [notice] 23#23: gracefully shutting down
2023/01/24 04:07:02 [notice] 22#22: exit
2023/01/24 04:07:02 [notice] 21#21: exiting
2023/01/24 04:07:02 [notice] 23#23: exiting
2023/01/24 04:07:02 [notice] 23#23: exit
2023/01/24 04:07:02 [notice] 20#20: exiting
2023/01/24 04:07:02 [notice] 21#21: exit
2023/01/24 04:07:02 [notice] 20#20: exit
2023/01/24 04:07:02 [notice] 1#1: signal 17 (SIGCHLD) received from 22
2023/01/24 04:07:02 [notice] 1#1: worker process 22 exited with code 0
2023/01/24 04:07:02 [notice] 1#1: signal 29 (SIGIO) received
2023/01/24 04:07:02 [notice] 1#1: signal 17 (SIGCHLD) received from 21
2023/01/24 04:07:02 [notice] 1#1: worker process 21 exited with code 0
2023/01/24 04:07:02 [notice] 1#1: signal 17 (SIGCHLD) received from 23
2023/01/24 04:07:02 [notice] 1#1: worker process 20 exited with code 0
2023/01/24 04:07:02 [notice] 1#1: worker process 23 exited with code 0
2023/01/24 04:07:02 [notice] 1#1: exit
2023/01/24 04:07:05 [notice] 1#1: using the "epoll" event method
2023/01/24 04:07:05 [notice] 1#1: nginx/1.23.3
2023/01/24 04:07:05 [notice] 1#1: built by gcc 10.2.1 20210110 (Debian 10.2.1-6) 
2023/01/24 04:07:05 [notice] 1#1: OS: Linux 5.10.124-linuxkit
2023/01/24 04:07:05 [notice] 1#1: getrlimit(RLIMIT_NOFILE): 1048576:1048576
2023/01/24 04:07:05 [notice] 1#1: start worker processes
2023/01/24 04:07:05 [notice] 1#1: start worker process 20
2023/01/24 04:07:05 [notice] 1#1: start worker process 21
2023/01/24 04:07:05 [notice] 1#1: start worker process 22
2023/01/24 04:07:05 [notice] 1#1: start worker process 23
